<?xml version="1.0" encoding="utf-8"?><testsuites><testsuite name="pytest" errors="0" failures="0" skipped="0" tests="6" time="0.169" timestamp="2022-11-15T16:15:11.461652" hostname="DESKTOP-UK7CJPF"><testcase classname="tests.test_bytebank.TestClass" name="test_when_age_is_30_12_1997_must_return_25" time="0.007" /><testcase classname="tests.test_bytebank.TestClass" name="test_when_sobrenome_is_Lhayana_Vieira_must_return_Vieira" time="0.006" /><testcase classname="tests.test_bytebank.TestClass" name="test_when_decrescimo_salario_100000_must_return_90000" time="0.001" /><testcase classname="tests.test_bytebank.TestClass" name="test_when_calcular_bonus_recebe_1000_must_return_100" time="0.002" /><testcase classname="tests.test_bytebank.TestClass" name="test_when_calcular_bonus_recebe_10000000_must_return_exception" time="0.002" /><testcase classname="tests.test_bytebank.TestClass" name="test_retorno_str" time="0.002" /></testsuite></testsuites>